#! c:/iverilog/bin/iverilog
:ivl_version "10.1 (stable)" "(v10_1_1)";
:ivl_delay_selection "TYPICAL";
:vpi_time_precision - 12;
:vpi_module "system";
:vpi_module "vhdl_sys";
:vpi_module "v2005_math";
:vpi_module "va_math";
S_000000000279d5d0 .scope module, "NextPCLogicTest" "NextPCLogicTest" 2 4;
 .timescale -9 -12;
v000000000279e3d0_0 .var "ALUZero", 0 0;
v000000000279e470_0 .var "Branch", 0 0;
v000000000279e510_0 .var "CurrentPC", 63 0;
v00000000027fc080_0 .net "NextPC", 63 0, v000000000279ebf0_0;  1 drivers
v00000000027fc300_0 .var "SignExtImm64", 63 0;
v00000000027fb7c0_0 .var "Uncondbranch", 0 0;
v00000000027fc4e0_0 .var "passed", 7 0;
S_000000000279a570 .scope task, "allPassed" "allPassed" 2 21, 2 21 0, S_000000000279d5d0;
 .timescale -9 -12;
v0000000002795710_0 .var "numTests", 7 0;
v00000000027957b0_0 .var "passed", 7 0;
TD_NextPCLogicTest.allPassed ;
    %load/vec4 v00000000027957b0_0;
    %load/vec4 v0000000002795710_0;
    %cmp/e;
    %jmp/0xz  T_0.0, 4;
    %vpi_call 2 25 "$display", "All tests passed" {0 0 0};
    %jmp T_0.1;
T_0.0 ;
    %vpi_call 2 26 "$display", "Some tests failed" {0 0 0};
T_0.1 ;
    %end;
S_00000000027960a0 .scope module, "dut" "NextPCLogic" 2 41, 3 3 0, S_000000000279d5d0;
 .timescale -9 -12;
    .port_info 0 /OUTPUT 64 "NextPC"
    .port_info 1 /INPUT 64 "CurrentPC"
    .port_info 2 /INPUT 64 "SignExtImm64"
    .port_info 3 /INPUT 1 "Branch"
    .port_info 4 /INPUT 1 "ALUZero"
    .port_info 5 /INPUT 1 "Uncondbranch"
v0000000002796220_0 .net "ALUZero", 0 0, v000000000279e3d0_0;  1 drivers
v0000000002795850_0 .net "Branch", 0 0, v000000000279e470_0;  1 drivers
v000000000279eb50_0 .net "CurrentPC", 63 0, v000000000279e510_0;  1 drivers
v000000000279ebf0_0 .var "NextPC", 63 0;
v000000000279ec90_0 .net "SignExtImm64", 63 0, v00000000027fc300_0;  1 drivers
v000000000279ed30_0 .net "Uncondbranch", 0 0, v00000000027fb7c0_0;  1 drivers
v000000000279edd0_0 .var "realImm64", 63 0;
E_00000000027998f0/0 .event edge, v000000000279ec90_0, v000000000279ed30_0, v000000000279eb50_0, v000000000279edd0_0;
E_00000000027998f0/1 .event edge, v0000000002795850_0, v0000000002796220_0;
E_00000000027998f0 .event/or E_00000000027998f0/0, E_00000000027998f0/1;
S_00000000027a24f0 .scope task, "passTest" "passTest" 2 12, 2 12 0, S_000000000279d5d0;
 .timescale -9 -12;
v00000000027a2670_0 .var "actualOut", 63 0;
v00000000027a2710_0 .var "expectedOut", 63 0;
v00000000027a27b0_0 .var "passed", 7 0;
v000000000279e330_0 .var "testType", 256 0;
TD_NextPCLogicTest.passTest ;
    %load/vec4 v00000000027a2670_0;
    %load/vec4 v00000000027a2710_0;
    %cmp/e;
    %jmp/0xz  T_1.2, 4;
    %vpi_call 2 17 "$display", "%s passed", v000000000279e330_0 {0 0 0};
    %load/vec4 v00000000027a27b0_0;
    %addi 1, 0, 8;
    %store/vec4 v00000000027a27b0_0, 0, 8;
    %jmp T_1.3;
T_1.2 ;
    %vpi_call 2 18 "$display", "%s failed: %d should be %d", v000000000279e330_0, v00000000027a2670_0, v00000000027a2710_0 {0 0 0};
T_1.3 ;
    %end;
    .scope S_00000000027960a0;
T_2 ;
    %wait E_00000000027998f0;
    %load/vec4 v000000000279ec90_0;
    %ix/load 4, 2, 0;
    %flag_set/imm 4, 0;
    %shiftl 4;
    %store/vec4 v000000000279edd0_0, 0, 64;
    %load/vec4 v000000000279ed30_0;
    %flag_set/vec4 8;
    %jmp/0xz  T_2.0, 8;
    %load/vec4 v000000000279eb50_0;
    %load/vec4 v000000000279edd0_0;
    %add;
    %assign/vec4 v000000000279ebf0_0, 1000;
    %jmp T_2.1;
T_2.0 ;
    %load/vec4 v0000000002795850_0;
    %flag_set/vec4 8;
    %jmp/0xz  T_2.2, 8;
    %load/vec4 v0000000002796220_0;
    %pad/u 32;
    %cmpi/e 1, 0, 32;
    %jmp/0xz  T_2.4, 4;
    %load/vec4 v000000000279eb50_0;
    %load/vec4 v000000000279edd0_0;
    %add;
    %assign/vec4 v000000000279ebf0_0, 2000;
    %jmp T_2.5;
T_2.4 ;
    %load/vec4 v000000000279eb50_0;
    %addi 4, 0, 64;
    %assign/vec4 v000000000279ebf0_0, 2000;
T_2.5 ;
    %jmp T_2.3;
T_2.2 ;
    %load/vec4 v000000000279eb50_0;
    %addi 4, 0, 64;
    %assign/vec4 v000000000279ebf0_0, 2000;
T_2.3 ;
T_2.1 ;
    %jmp T_2;
    .thread T_2, $push;
    .scope S_000000000279d5d0;
T_3 ;
    %vpi_call 2 8 "$dumpfile", "NextPCLogicTest.vcd" {0 0 0};
    %vpi_call 2 9 "$dumpvars", 32'sb00000000000000000000000000000000, S_000000000279d5d0 {0 0 0};
    %end;
    .thread T_3;
    .scope S_000000000279d5d0;
T_4 ;
    %pushi/vec4 0, 0, 64;
    %store/vec4 v000000000279e510_0, 0, 64;
    %pushi/vec4 0, 0, 64;
    %store/vec4 v00000000027fc300_0, 0, 64;
    %pushi/vec4 0, 0, 1;
    %store/vec4 v000000000279e470_0, 0, 1;
    %pushi/vec4 0, 0, 1;
    %store/vec4 v000000000279e3d0_0, 0, 1;
    %pushi/vec4 0, 0, 1;
    %store/vec4 v00000000027fb7c0_0, 0, 1;
    %pushi/vec4 0, 0, 8;
    %store/vec4 v00000000027fc4e0_0, 0, 8;
    %delay 3000, 0;
    %pushi/vec4 2147483648, 0, 91;
    %concati/vec4 0, 0, 40;
    %split/vec4 1;
    %store/vec4 v00000000027fb7c0_0, 0, 1;
    %split/vec4 1;
    %store/vec4 v000000000279e3d0_0, 0, 1;
    %split/vec4 1;
    %store/vec4 v000000000279e470_0, 0, 1;
    %split/vec4 64;
    %store/vec4 v00000000027fc300_0, 0, 64;
    %store/vec4 v000000000279e510_0, 0, 64;
    %delay 10000, 0;
    %load/vec4 v00000000027fc080_0;
    %store/vec4 v00000000027a2670_0, 0, 64;
    %pushi/vec4 20, 0, 64;
    %store/vec4 v00000000027a2710_0, 0, 64;
    %pushi/vec4 1346579252, 0, 257;
    %store/vec4 v000000000279e330_0, 0, 257;
    %load/vec4 v00000000027fc4e0_0;
    %store/vec4 v00000000027a27b0_0, 0, 8;
    %fork TD_NextPCLogicTest.passTest, S_00000000027a24f0;
    %join;
    %load/vec4 v00000000027a27b0_0;
    %store/vec4 v00000000027fc4e0_0, 0, 8;
    %vpi_call 2 62 "$display", " CurrentPC: %d \012 SignExtImm64: %b \012 Branch: %d \012 ALUZero: %d \012 Uncondbranch: %d \012 NextPC: %d \012", v000000000279e510_0, v00000000027fc300_0, v000000000279e470_0, v000000000279e3d0_0, v00000000027fb7c0_0, v00000000027fc080_0 {0 0 0};
    %pushi/vec4 2147483648, 0, 91;
    %concati/vec4 22, 0, 40;
    %split/vec4 1;
    %store/vec4 v00000000027fb7c0_0, 0, 1;
    %split/vec4 1;
    %store/vec4 v000000000279e3d0_0, 0, 1;
    %split/vec4 1;
    %store/vec4 v000000000279e470_0, 0, 1;
    %split/vec4 64;
    %store/vec4 v00000000027fc300_0, 0, 64;
    %store/vec4 v000000000279e510_0, 0, 64;
    %delay 10000, 0;
    %load/vec4 v00000000027fc080_0;
    %store/vec4 v00000000027a2670_0, 0, 64;
    %pushi/vec4 24, 0, 64;
    %store/vec4 v00000000027a2710_0, 0, 64;
    %pushi/vec4 2262752456, 0, 82;
    %concati/vec4 3538473694, 0, 32;
    %concati/vec4 3703756864, 0, 32;
    %concati/vec4 4006799568, 0, 32;
    %concati/vec4 2173290885, 0, 33;
    %concati/vec4 3113066917, 0, 32;
    %concati/vec4 11879, 0, 14;
    %store/vec4 v000000000279e330_0, 0, 257;
    %load/vec4 v00000000027fc4e0_0;
    %store/vec4 v00000000027a27b0_0, 0, 8;
    %fork TD_NextPCLogicTest.passTest, S_00000000027a24f0;
    %join;
    %load/vec4 v00000000027a27b0_0;
    %store/vec4 v00000000027fc4e0_0, 0, 8;
    %vpi_call 2 66 "$display", " CurrentPC: %d \012 SignExtImm64: %b \012 Branch: %d \012 ALUZero: %d \012 Uncondbranch: %d \012 NextPC: %d \012", v000000000279e510_0, v00000000027fc300_0, v000000000279e470_0, v000000000279e3d0_0, v00000000027fb7c0_0, v00000000027fc080_0 {0 0 0};
    %pushi/vec4 2147483648, 0, 91;
    %concati/vec4 28, 0, 40;
    %split/vec4 1;
    %store/vec4 v00000000027fb7c0_0, 0, 1;
    %split/vec4 1;
    %store/vec4 v000000000279e3d0_0, 0, 1;
    %split/vec4 1;
    %store/vec4 v000000000279e470_0, 0, 1;
    %split/vec4 64;
    %store/vec4 v00000000027fc300_0, 0, 64;
    %store/vec4 v000000000279e510_0, 0, 64;
    %delay 10000, 0;
    %load/vec4 v00000000027fc080_0;
    %store/vec4 v00000000027a2670_0, 0, 64;
    %pushi/vec4 20, 0, 64;
    %store/vec4 v00000000027a2710_0, 0, 64;
    %pushi/vec4 2262752456, 0, 98;
    %concati/vec4 3538473694, 0, 32;
    %concati/vec4 3703756864, 0, 32;
    %concati/vec4 3705553092, 0, 32;
    %concati/vec4 3837975750, 0, 32;
    %concati/vec4 1751740007, 0, 31;
    %store/vec4 v000000000279e330_0, 0, 257;
    %load/vec4 v00000000027fc4e0_0;
    %store/vec4 v00000000027a27b0_0, 0, 8;
    %fork TD_NextPCLogicTest.passTest, S_00000000027a24f0;
    %join;
    %load/vec4 v00000000027a27b0_0;
    %store/vec4 v00000000027fc4e0_0, 0, 8;
    %vpi_call 2 70 "$display", " CurrentPC: %d \012 SignExtImm64: %b \012 Branch: %d \012 ALUZero: %d \012 Uncondbranch: %d \012 NextPC: %d \012", v000000000279e510_0, v00000000027fc300_0, v000000000279e470_0, v000000000279e3d0_0, v00000000027fb7c0_0, v00000000027fc080_0 {0 0 0};
    %pushi/vec4 2147483648, 0, 91;
    %concati/vec4 33, 0, 40;
    %split/vec4 1;
    %store/vec4 v00000000027fb7c0_0, 0, 1;
    %split/vec4 1;
    %store/vec4 v000000000279e3d0_0, 0, 1;
    %split/vec4 1;
    %store/vec4 v000000000279e470_0, 0, 1;
    %split/vec4 64;
    %store/vec4 v00000000027fc300_0, 0, 64;
    %store/vec4 v000000000279e510_0, 0, 64;
    %delay 10000, 0;
    %load/vec4 v00000000027fc080_0;
    %store/vec4 v00000000027a2670_0, 0, 64;
    %pushi/vec4 32, 0, 64;
    %store/vec4 v00000000027a2710_0, 0, 64;
    %pushi/vec4 2866595550, 0, 106;
    %concati/vec4 3704148712, 0, 32;
    %concati/vec4 3537820866, 0, 32;
    %concati/vec4 3628123364, 0, 32;
    %concati/vec4 3269248720, 0, 32;
    %concati/vec4 6909543, 0, 23;
    %store/vec4 v000000000279e330_0, 0, 257;
    %load/vec4 v00000000027fc4e0_0;
    %store/vec4 v00000000027a27b0_0, 0, 8;
    %fork TD_NextPCLogicTest.passTest, S_00000000027a24f0;
    %join;
    %load/vec4 v00000000027a27b0_0;
    %store/vec4 v00000000027fc4e0_0, 0, 8;
    %vpi_call 2 74 "$display", " CurrentPC: %d \012 SignExtImm64: %b \012 Branch: %d \012 ALUZero: %d \012 Uncondbranch: %d \012 NextPC: %d \012", v000000000279e510_0, v00000000027fc300_0, v000000000279e470_0, v000000000279e3d0_0, v00000000027fb7c0_0, v00000000027fc080_0 {0 0 0};
    %load/vec4 v00000000027fc4e0_0;
    %store/vec4 v00000000027957b0_0, 0, 8;
    %pushi/vec4 4, 0, 8;
    %store/vec4 v0000000002795710_0, 0, 8;
    %fork TD_NextPCLogicTest.allPassed, S_000000000279a570;
    %join;
    %end;
    .thread T_4;
# The file index is used to find the file name in the following table.
:file_names 4;
    "N/A";
    "<interactive>";
    "NextPCLogicTest.v";
    "NextPCLogic.v";
